2022-05-06 21:31:03 ERROR GlobalExceptionHandler:17 - El genero con el id 78 no existe.No existe un Genero con el id 78 que deseas eliminar
2022-05-06 21:34:59 ERROR GlobalExceptionHandler:17 - The gender with 78 don´t exist.The gender with 78 don´t exist.
2022-05-06 21:35:27 ERROR GlobalExceptionHandler:17 - The gender with 78 don´t exist.
2022-05-06 21:47:05 ERROR GlobalExceptionHandler:17 - The gender with ID 78 don´t exist.
2022-05-06 21:55:20 ERROR GlobalExceptionHandler:17 - The genre with ID 78 that you want to delete does not exist.
2022-05-06 21:56:17 ERROR GlobalExceptionHandler:17 - The genre with ID 17 does not exist
2022-05-06 22:13:26 ERROR GlobalExceptionHandler:17 - Validation failed for argument [0] in public org.springframework.http.ResponseEntity<?> alkemy.AlkemyChallenge.controller.CharacterController.search(alkemy.AlkemyChallenge.persistance.entity.dto.CharacterDto): [Field error in object 'characterDto' on field 'image': rejected value []; codes [NotBlank.characterDto.image,NotBlank.image,NotBlank.java.lang.String,NotBlank]; arguments [org.springframework.context.support.DefaultMessageSourceResolvable: codes [characterDto.image,image]; arguments []; default message [image]]; default message [ImageURL can't be blank]] 
2022-05-06 22:14:29 ERROR GlobalExceptionHandler:17 - JSON parse error: Unexpected character (',' (code 44)): expected a value; nested exception is com.fasterxml.jackson.core.JsonParseException: Unexpected character (',' (code 44)): expected a value
 at [Source: (org.springframework.util.StreamUtils$NonClosingInputStream); line: 4, column: 13]
2022-05-06 22:14:43 ERROR GlobalExceptionHandler:17 - Validation failed for argument [0] in public org.springframework.http.ResponseEntity<?> alkemy.AlkemyChallenge.controller.CharacterController.search(alkemy.AlkemyChallenge.persistance.entity.dto.CharacterDto): [Field error in object 'characterDto' on field 'age': rejected value [null]; codes [NotNull.characterDto.age,NotNull.age,NotNull.java.lang.Integer,NotNull]; arguments [org.springframework.context.support.DefaultMessageSourceResolvable: codes [characterDto.age,age]; arguments []; default message [age]]; default message [no debe ser nulo]] 
2022-05-06 22:21:38 ERROR GlobalExceptionHandler:17 - The genre with ID 4 that you want update does not exist.
2022-05-06 22:21:52 ERROR GlobalExceptionHandler:17 - The genre with ID 78 that you want to delete does not exists.
2022-05-06 22:24:20 ERROR GlobalExceptionHandler:17 - Validation failed for argument [0] in public org.springframework.http.ResponseEntity<?> alkemy.AlkemyChallenge.controller.CharacterController.update(alkemy.AlkemyChallenge.persistance.entity.dto.CharacterDto) throws alkemy.AlkemyChallenge.exceptions.ResourceNotFoundException with 4 errors: [Field error in object 'characterDto' on field 'image': rejected value [null]; codes [NotBlank.characterDto.image,NotBlank.image,NotBlank.java.lang.String,NotBlank]; arguments [org.springframework.context.support.DefaultMessageSourceResolvable: codes [characterDto.image,image]; arguments []; default message [image]]; default message [ImageURL can't be blank]] [Field error in object 'characterDto' on field 'age': rejected value [null]; codes [NotNull.characterDto.age,NotNull.age,NotNull.java.lang.Integer,NotNull]; arguments [org.springframework.context.support.DefaultMessageSourceResolvable: codes [characterDto.age,age]; arguments []; default message [age]]; default message [no debe ser nulo]] [Field error in object 'characterDto' on field 'history': rejected value [null]; codes [NotBlank.characterDto.history,NotBlank.history,NotBlank.java.lang.String,NotBlank]; arguments [org.springframework.context.support.DefaultMessageSourceResolvable: codes [characterDto.history,history]; arguments []; default message [history]]; default message [History can't be blank]] [Field error in object 'characterDto' on field 'name': rejected value [null]; codes [NotBlank.characterDto.name,NotBlank.name,NotBlank.java.lang.String,NotBlank]; arguments [org.springframework.context.support.DefaultMessageSourceResolvable: codes [characterDto.name,name]; arguments []; default message [name]]; default message [Name can't be blank]] 
2022-05-06 22:28:25 ERROR GlobalExceptionHandler:17 - The character with ID 78 that you want to delete does not exist.
2022-05-06 22:37:54 ERROR GlobalExceptionHandler:17 - The character with ID 78 that you want update does not exist.
2022-05-06 22:38:34 ERROR GlobalExceptionHandler:17 - could not execute statement; SQL [n/a]; constraint [null]; nested exception is org.hibernate.exception.ConstraintViolationException: could not execute statement
2022-05-06 22:39:41 ERROR GlobalExceptionHandler:17 - The movie with ID 87 that you want to update does not exist.
2022-05-06 23:43:16 ERROR GlobalExceptionHandler:17 - The character with ID 1  does not exists.
2022-05-06 23:44:14 ERROR GlobalExceptionHandler:17 - The genre with ID 78 that you want to delete does not exists.
2022-05-06 23:44:44 ERROR GlobalExceptionHandler:17 - The genre with ID 2 that you want update does not exist.
2022-05-06 23:45:02 ERROR GlobalExceptionHandler:17 - The character with ID 17  does not exists.
2022-05-06 23:45:20 ERROR GlobalExceptionHandler:17 - The character with ID 2 that you want to delete does not exists.
2022-05-06 23:45:30 ERROR GlobalExceptionHandler:17 - The character with ID 78 that you want update does not exists.
2022-05-06 23:45:57 ERROR GlobalExceptionHandler:17 - The character with name aladdinyu that you want to find does not exists.
2022-05-06 23:46:07 ERROR GlobalExceptionHandler:17 - The characters with ages 17 that you want to find does not exists.
2022-05-06 23:46:23 ERROR GlobalExceptionHandler:17 - The movie with ID 11 that you try to find does not exists.
2022-05-06 23:46:49 ERROR GlobalExceptionHandler:17 - The movie with ID 12 does not exists
2022-05-06 23:47:03 ERROR GlobalExceptionHandler:17 - The movie with title aladdinn that you want to find does not exists.
2022-05-06 23:47:15 ERROR GlobalExceptionHandler:17 - The movie with ID 2 that you want to delete does not exists.
2022-05-06 23:47:31 ERROR GlobalExceptionHandler:17 - could not extract ResultSet; SQL [n/a]; nested exception is org.hibernate.exception.SQLGrammarException: could not extract ResultSet
2022-05-06 23:48:24 ERROR GlobalExceptionHandler:17 - could not extract ResultSet; SQL [n/a]; nested exception is org.hibernate.exception.SQLGrammarException: could not extract ResultSet
2022-05-06 23:48:30 ERROR GlobalExceptionHandler:17 - could not extract ResultSet; SQL [n/a]; nested exception is org.hibernate.exception.SQLGrammarException: could not extract ResultSet
2022-05-06 23:48:43 ERROR GlobalExceptionHandler:17 - could not extract ResultSet; SQL [n/a]; nested exception is org.hibernate.exception.SQLGrammarException: could not extract ResultSet
2022-05-06 23:49:08 ERROR GlobalExceptionHandler:17 - could not extract ResultSet; SQL [n/a]; nested exception is org.hibernate.exception.SQLGrammarException: could not extract ResultSet
2022-05-06 23:52:32 ERROR GlobalExceptionHandler:17 - could not extract ResultSet; SQL [n/a]; nested exception is org.hibernate.exception.SQLGrammarException: could not extract ResultSet
2022-05-06 23:52:39 ERROR GlobalExceptionHandler:17 - could not extract ResultSet; SQL [n/a]; nested exception is org.hibernate.exception.SQLGrammarException: could not extract ResultSet
2022-05-06 23:56:44 ERROR GlobalExceptionHandler:17 - The movies with genre ID 12 that you want to find does not exists.
2022-05-07 00:18:44 ERROR GlobalExceptionHandler:17 - The movie with ID 38 does not exists
2022-05-07 02:11:17 ERROR GlobalExceptionHandler:17 - Required request body is missing: public org.springframework.http.ResponseEntity<?> alkemy.AlkemyChallenge.login.UserController.registerUser(alkemy.AlkemyChallenge.login.UserDto)
2022-05-07 02:16:14 ERROR GlobalExceptionHandler:17 - Validation failed for argument [0] in public org.springframework.http.ResponseEntity<?> alkemy.AlkemyChallenge.controller.MovieController.search(alkemy.AlkemyChallenge.persistance.dto.MovieDto): [Field error in object 'movieDto' on field 'qualification': rejected value [17]; codes [Max.movieDto.qualification,Max.qualification,Max.int,Max]; arguments [org.springframework.context.support.DefaultMessageSourceResolvable: codes [movieDto.qualification,qualification]; arguments []; default message [qualification],5]; default message [Rating must be less or equal to 5]] 
